e:\code\cpp\rit3d\rit3d\x64\debug\vc141.pdb
e:\code\cpp\rit3d\rit3d\x64\debug\vc141.idb
e:\code\cpp\rit3d\rit3d\x64\debug\rit3d.obj
e:\code\cpp\rit3d\rit3d\x64\debug\glad.obj
e:\code\cpp\rit3d\rit3d\x64\debug\rit3d.pch
e:\code\cpp\rit3d\rit3d\x64\debug\pch.obj
e:\code\cpp\rit3d\rit3d\x64\debug\rscene.obj
e:\code\cpp\rit3d\rit3d\x64\debug\rmatrix.obj
e:\code\cpp\rit3d\rit3d\x64\debug\rgameobject.obj
e:\code\cpp\rit3d\rit3d\x64\debug\resourcemanager.obj
e:\code\cpp\rit3d\rit3d\x64\debug\rendersystem.obj
e:\code\cpp\rit3d\rit3d\x64\debug\rcolor.obj
e:\code\cpp\rit3d\rit3d\x64\debug\mesh.obj
e:\code\cpp\rit3d\rit3d\x64\debug\material.obj
e:\code\cpp\rit3d\rit3d\x64\debug\isystem.obj
e:\code\cpp\rit3d\rit3d\x64\debug\icomponent.obj
e:\code\cpp\rit3d\rit3d\x64\debug\glprogram.obj
e:\code\cpp\rit3d\rit3d\x64\debug\ctransform.obj
e:\code\cpp\rit3d\rit3d\x64\debug\crender.obj
e:\code\cpp\rit3d\rit3d\x64\debug\cmesh.obj
e:\code\cpp\rit3d\rit3d\x64\debug\clight.obj
e:\code\cpp\rit3d\rit3d\x64\debug\ccollider.obj
e:\code\cpp\rit3d\rit3d\x64\debug\ccamera.obj
e:\code\cpp\rit3d\rit3d\x64\debug\cbehavior.obj
e:\code\cpp\rit3d\rit3d\x64\debug\application.obj
e:\code\cpp\rit3d\rit3d\x64\debug\texture.obj
e:\code\cpp\rit3d\rit3d\x64\debug\systemmanager.obj
e:\code\cpp\rit3d\rit3d\x64\debug\startsystem.obj
e:\code\cpp\rit3d\rit3d\x64\debug\scenemanager.obj
e:\code\cpp\rit3d\rit3d\x64\debug\rwindow.obj
e:\code\cpp\rit3d\rit3d\x64\debug\rvector.obj
e:\code\cpp\rit3d\x64\debug\rit3d.pdb
e:\code\cpp\rit3d\rit3d\x64\debug\rit3d.tlog\cl.command.1.tlog
e:\code\cpp\rit3d\rit3d\x64\debug\rit3d.tlog\cl.read.1.tlog
e:\code\cpp\rit3d\rit3d\x64\debug\rit3d.tlog\cl.write.1.tlog
e:\code\cpp\rit3d\rit3d\x64\debug\rit3d.tlog\link-cvtres.read.1.tlog
e:\code\cpp\rit3d\rit3d\x64\debug\rit3d.tlog\link-cvtres.write.1.tlog
e:\code\cpp\rit3d\rit3d\x64\debug\rit3d.tlog\link-rc.read.1.tlog
e:\code\cpp\rit3d\rit3d\x64\debug\rit3d.tlog\link-rc.write.1.tlog
e:\code\cpp\rit3d\rit3d\x64\debug\rit3d.tlog\link.21500-cvtres.read.1.tlog
e:\code\cpp\rit3d\rit3d\x64\debug\rit3d.tlog\link.21500-cvtres.write.1.tlog
e:\code\cpp\rit3d\rit3d\x64\debug\rit3d.tlog\link.21500-rc.read.1.tlog
e:\code\cpp\rit3d\rit3d\x64\debug\rit3d.tlog\link.21500-rc.write.1.tlog
e:\code\cpp\rit3d\rit3d\x64\debug\rit3d.tlog\link.21500.read.1.tlog
e:\code\cpp\rit3d\rit3d\x64\debug\rit3d.tlog\link.21500.write.1.tlog
e:\code\cpp\rit3d\rit3d\x64\debug\rit3d.tlog\link.command.1.tlog
e:\code\cpp\rit3d\rit3d\x64\debug\rit3d.tlog\link.read.1.tlog
e:\code\cpp\rit3d\rit3d\x64\debug\rit3d.tlog\link.write.1.tlog
