  Application.cpp
  CCamera.cpp
  CLight.cpp
  CPostProcess.cpp
  CRender.cpp
  CSkybox.cpp
  CTransform.cpp
  fps.cpp
  GLProgram.cpp
  IComponent.cpp
  ISystem.cpp
  Material.cpp
  Mesh.cpp
  RColor.cpp
  RenderSystem.cpp
  ResourceManager.cpp
  RGameObject.cpp
  rit3d.cpp
  RMatrix.cpp
  RScene.cpp
e:\code\cpp\rit3d\rit3d\rscene.cpp(126): warning C4267: “return”: 从“size_t”转换到“RUInt”，可能丢失数据
  正在生成代码...
  正在编译...
  RTimer.cpp
  RVector.cpp
  RWindow.cpp
  SceneManager.cpp
e:\code\cpp\rit3d\rit3d\scenemanager.cpp(51): warning C4267: “return”: 从“size_t”转换到“RUInt”，可能丢失数据
  StartSystem.cpp
  SystemManager.cpp
  Texture.cpp
  util.cpp
  正在生成代码...
Application.obj : error LNK2019: 无法解析的外部符号 glfwGetProcAddress，该符号在函数 "public: void __cdecl Application::runRit3d(void)" (?runRit3d@Application@@QEAAXXZ) 中被引用
rit3d.obj : error LNK2019: 无法解析的外部符号 glfwSetWindowShouldClose，该符号在函数 "void __cdecl processInput(struct GLFWwindow *)" (?processInput@@YAXPEAUGLFWwindow@@@Z) 中被引用
rit3d.obj : error LNK2019: 无法解析的外部符号 glfwGetKey，该符号在函数 "void __cdecl processInput(struct GLFWwindow *)" (?processInput@@YAXPEAUGLFWwindow@@@Z) 中被引用
RWindow.obj : error LNK2019: 无法解析的外部符号 glfwInit，该符号在函数 "public: void __cdecl RWindow::initWindow(void)" (?initWindow@RWindow@@QEAAXXZ) 中被引用
RWindow.obj : error LNK2019: 无法解析的外部符号 glfwTerminate，该符号在函数 "public: void __cdecl RWindow::destroy(void)" (?destroy@RWindow@@QEAAXXZ) 中被引用
RWindow.obj : error LNK2019: 无法解析的外部符号 glfwCreateWindow，该符号在函数 "public: void __cdecl RWindow::initWindow(void)" (?initWindow@RWindow@@QEAAXXZ) 中被引用
RWindow.obj : error LNK2019: 无法解析的外部符号 glfwWindowShouldClose，该符号在函数 "public: bool __cdecl RWindow::RWindowShouldClose(void)" (?RWindowShouldClose@RWindow@@QEAA_NXZ) 中被引用
RWindow.obj : error LNK2019: 无法解析的外部符号 glfwPollEvents，该符号在函数 "public: void __cdecl RWindow::pollEvents(void)" (?pollEvents@RWindow@@QEAAXXZ) 中被引用
RWindow.obj : error LNK2019: 无法解析的外部符号 glfwMakeContextCurrent，该符号在函数 "public: void __cdecl RWindow::initWindow(void)" (?initWindow@RWindow@@QEAAXXZ) 中被引用
RWindow.obj : error LNK2019: 无法解析的外部符号 glfwSwapBuffers，该符号在函数 "public: void __cdecl RWindow::swapBuffer(void)" (?swapBuffer@RWindow@@QEAAXXZ) 中被引用
E:\code\CPP\libs\glfw3.lib : warning LNK4272: 库计算机类型“x86”与目标计算机类型“x64”冲突
E:\code\CPP\rit3d\x64\Debug\rit3d.exe : fatal error LNK1120: 10 个无法解析的外部命令
