e:\code\cpp\rit3d\rit3d\debug\vc141.pdb
e:\code\cpp\rit3d\rit3d\debug\vc141.idb
e:\code\cpp\rit3d\rit3d\debug\glad.obj
e:\code\cpp\rit3d\rit3d\debug\rwindow.obj
e:\code\cpp\rit3d\rit3d\debug\rit3d.obj
e:\code\cpp\rit3d\rit3d\debug\application.obj
e:\code\cpp\rit3d\rit3d\debug\rvector.obj
e:\code\cpp\rit3d\rit3d\debug\rcolor.obj
e:\code\cpp\rit3d\rit3d\debug\rmatrix.obj
e:\code\cpp\rit3d\rit3d\debug\systemmanager.obj
e:\code\cpp\rit3d\rit3d\debug\isystem.obj
e:\code\cpp\rit3d\rit3d\debug\startsystem.obj
e:\code\cpp\rit3d\rit3d\debug\glprogram.obj
e:\code\cpp\rit3d\rit3d\debug\rscene.obj
e:\code\cpp\rit3d\rit3d\debug\rgameobject.obj
e:\code\cpp\rit3d\rit3d\debug\scenemanager.obj
e:\code\cpp\rit3d\rit3d\debug\icomponent.obj
e:\code\cpp\rit3d\rit3d\debug\rit3d.pch
e:\code\cpp\rit3d\rit3d\debug\pch.obj
e:\code\cpp\rit3d\rit3d\debug\ctransform.obj
e:\code\cpp\rit3d\rit3d\debug\crender.obj
e:\code\cpp\rit3d\rit3d\debug\cmesh.obj
e:\code\cpp\rit3d\rit3d\debug\clight.obj
e:\code\cpp\rit3d\rit3d\debug\ccollider.obj
e:\code\cpp\rit3d\rit3d\debug\ccamera.obj
e:\code\cpp\rit3d\rit3d\debug\cbehavior.obj
e:\code\cpp\rit3d\rit3d\debug\mesh.obj
e:\code\cpp\rit3d\rit3d\debug\material.obj
e:\code\cpp\rit3d\rit3d\debug\resourcemanager.obj
e:\code\cpp\rit3d\rit3d\debug\rendersystem.obj
e:\code\cpp\rit3d\rit3d\debug\texture.obj
e:\code\cpp\rit3d\debug\rit3d.exe
e:\code\cpp\rit3d\debug\rit3d.ilk
e:\code\cpp\rit3d\debug\rit3d.pdb
e:\code\cpp\rit3d\rit3d\debug\application.obj.enc
e:\code\cpp\rit3d\rit3d\debug\ctransform.obj.enc
e:\code\cpp\rit3d\rit3d\debug\rit3d.tlog\cl.command.1.tlog
e:\code\cpp\rit3d\rit3d\debug\rit3d.tlog\cl.read.1.tlog
e:\code\cpp\rit3d\rit3d\debug\rit3d.tlog\cl.write.1.tlog
e:\code\cpp\rit3d\rit3d\debug\rit3d.tlog\fxc.command.1.tlog
e:\code\cpp\rit3d\rit3d\debug\rit3d.tlog\fxc.read.1.tlog
e:\code\cpp\rit3d\rit3d\debug\rit3d.tlog\link.command.1.tlog
e:\code\cpp\rit3d\rit3d\debug\rit3d.tlog\link.read.1.tlog
e:\code\cpp\rit3d\rit3d\debug\rit3d.tlog\link.write.1.tlog
